INFO - 2025-04-29 02:23:35 --> Session: Class initialized using 'CodeIgniter\Session\Handlers\FileHandler' driver.
INFO - 2025-04-29 05:17:55 --> Session: Class initialized using 'CodeIgniter\Session\Handlers\FileHandler' driver.
INFO - 2025-04-29 05:17:58 --> Session: Class initialized using 'CodeIgniter\Session\Handlers\FileHandler' driver.
INFO - 2025-04-29 05:19:03 --> CSRF token verified.
INFO - 2025-04-29 05:19:04 --> Session: Class initialized using 'CodeIgniter\Session\Handlers\FileHandler' driver.
INFO - 2025-04-29 05:19:05 --> Session: Class initialized using 'CodeIgniter\Session\Handlers\FileHandler' driver.
WARNING - 2025-04-29 05:19:05 --> [DEPRECATED] explode(): Passing null to parameter #2 ($string) of type string is deprecated in APPPATH\Models\UserModel.php on line 47.
 1 APPPATH\Models\UserModel.php(47): explode(',', null)
 2 APPPATH\Controllers\user\Homectrl.php(52): App\Models\UserModel->getMenu()
 3 SYSTEMPATH\CodeIgniter.php(932): App\Controllers\user\Homectrl->index()
 4 SYSTEMPATH\CodeIgniter.php(497): CodeIgniter\CodeIgniter->runController(Object(App\Controllers\user\Homectrl))
 5 SYSTEMPATH\CodeIgniter.php(366): CodeIgniter\CodeIgniter->handleRequest(null, Object(Config\Cache), false)
 6 FCPATH\index.php(67): CodeIgniter\CodeIgniter->run()
 7 SYSTEMPATH\Commands\Server\rewrite.php(47): require_once('D:\\magang\\crm\\public\\index.php')
INFO - 2025-04-29 05:19:43 --> Session: Class initialized using 'CodeIgniter\Session\Handlers\FileHandler' driver.
WARNING - 2025-04-29 05:19:43 --> [DEPRECATED] explode(): Passing null to parameter #2 ($string) of type string is deprecated in APPPATH\Models\UserModel.php on line 47.
 1 APPPATH\Models\UserModel.php(47): explode(',', null)
 2 APPPATH\Controllers\user\Profilctrl.php(68): App\Models\UserModel->getMenu()
 3 SYSTEMPATH\CodeIgniter.php(932): App\Controllers\user\Profilctrl->edit()
 4 SYSTEMPATH\CodeIgniter.php(497): CodeIgniter\CodeIgniter->runController(Object(App\Controllers\user\Profilctrl))
 5 SYSTEMPATH\CodeIgniter.php(366): CodeIgniter\CodeIgniter->handleRequest(null, Object(Config\Cache), false)
 6 FCPATH\index.php(67): CodeIgniter\CodeIgniter->run()
 7 SYSTEMPATH\Commands\Server\rewrite.php(47): require_once('D:\\magang\\crm\\public\\index.php')
INFO - 2025-04-29 07:15:45 --> Session: Class initialized using 'CodeIgniter\Session\Handlers\FileHandler' driver.
WARNING - 2025-04-29 07:15:46 --> [DEPRECATED] explode(): Passing null to parameter #2 ($string) of type string is deprecated in APPPATH\Models\UserModel.php on line 47.
 1 APPPATH\Models\UserModel.php(47): explode(',', null)
 2 APPPATH\Controllers\user\Profilctrl.php(68): App\Models\UserModel->getMenu()
 3 SYSTEMPATH\CodeIgniter.php(932): App\Controllers\user\Profilctrl->edit()
 4 SYSTEMPATH\CodeIgniter.php(497): CodeIgniter\CodeIgniter->runController(Object(App\Controllers\user\Profilctrl))
 5 SYSTEMPATH\CodeIgniter.php(366): CodeIgniter\CodeIgniter->handleRequest(null, Object(Config\Cache), false)
 6 FCPATH\index.php(67): CodeIgniter\CodeIgniter->run()
 7 SYSTEMPATH\Commands\Server\rewrite.php(47): require_once('D:\\magang\\crm\\public\\index.php')
INFO - 2025-04-29 15:51:03 --> Session: Class initialized using 'CodeIgniter\Session\Handlers\FileHandler' driver.
INFO - 2025-04-29 15:51:05 --> Session: Class initialized using 'CodeIgniter\Session\Handlers\FileHandler' driver.
INFO - 2025-04-29 15:51:39 --> CSRF token verified.
INFO - 2025-04-29 15:51:40 --> Session: Class initialized using 'CodeIgniter\Session\Handlers\FileHandler' driver.
INFO - 2025-04-29 15:51:40 --> Session: Class initialized using 'CodeIgniter\Session\Handlers\FileHandler' driver.
WARNING - 2025-04-29 15:51:40 --> [DEPRECATED] explode(): Passing null to parameter #2 ($string) of type string is deprecated in APPPATH\Models\UserModel.php on line 47.
 1 APPPATH\Models\UserModel.php(47): explode(',', null)
 2 APPPATH\Controllers\user\Homectrl.php(52): App\Models\UserModel->getMenu()
 3 SYSTEMPATH\CodeIgniter.php(932): App\Controllers\user\Homectrl->index()
 4 SYSTEMPATH\CodeIgniter.php(497): CodeIgniter\CodeIgniter->runController(Object(App\Controllers\user\Homectrl))
 5 SYSTEMPATH\CodeIgniter.php(366): CodeIgniter\CodeIgniter->handleRequest(null, Object(Config\Cache), false)
 6 FCPATH\index.php(67): CodeIgniter\CodeIgniter->run()
 7 SYSTEMPATH\Commands\Server\rewrite.php(47): require_once('D:\\magang\\crm\\public\\index.php')
