INFO - 2023-10-13 06:53:09 --> Session: Class initialized using 'CodeIgniter\Session\Handlers\FileHandler' driver.
INFO - 2023-10-13 06:53:10 --> Session: Class initialized using 'CodeIgniter\Session\Handlers\FileHandler' driver.
CRITICAL - 2023-10-13 07:09:23 --> fopen(/home/k4991560/sharing.fernandesraymond.id/crm/writable/session/ci_session8dp0ibo6qd1615n3tp48k1h6e823t8bs): Failed to open stream: Disk quota exceeded
in SYSTEMPATH/Session/Handlers/FileHandler.php on line 128.
 1 [internal function]: CodeIgniter\Debug\Exceptions->errorHandler()
 2 SYSTEMPATH/Session/Handlers/FileHandler.php(128): fopen()
 3 [internal function]: CodeIgniter\Session\Handlers\FileHandler->read()
 4 SYSTEMPATH/Session/Session.php(920): session_start()
 5 SYSTEMPATH/Session/Session.php(250): CodeIgniter\Session\Session->startSession()
 6 SYSTEMPATH/Config/Services.php(674): CodeIgniter\Session\Session->start()
 7 SYSTEMPATH/Config/BaseService.php(252): CodeIgniter\Config\Services::session()
 8 SYSTEMPATH/Config/BaseService.php(193): CodeIgniter\Config\BaseService::__callStatic()
 9 SYSTEMPATH/Config/Services.php(641): CodeIgniter\Config\BaseService::getSharedInstance()
10 SYSTEMPATH/Config/BaseService.php(252): CodeIgniter\Config\Services::session()
11 APPPATH/Controllers/user/BaseController.php(66): CodeIgniter\Config\BaseService::__callStatic()
12 SYSTEMPATH/CodeIgniter.php(905): App\Controllers\user\BaseController->initController()
13 SYSTEMPATH/CodeIgniter.php(488): CodeIgniter\CodeIgniter->createController()
14 SYSTEMPATH/CodeIgniter.php(366): CodeIgniter\CodeIgniter->handleRequest()
15 FCPATH/index.php(67): CodeIgniter\CodeIgniter->run()
CRITICAL - 2023-10-13 09:53:35 --> fopen(/home/k4991560/sharing.fernandesraymond.id/crm/writable/session/ci_sessionkn4obcgf0cmk1m7h0t93macakak07sa2): Failed to open stream: Disk quota exceeded
in SYSTEMPATH/Session/Handlers/FileHandler.php on line 128.
 1 [internal function]: CodeIgniter\Debug\Exceptions->errorHandler()
 2 SYSTEMPATH/Session/Handlers/FileHandler.php(128): fopen()
 3 [internal function]: CodeIgniter\Session\Handlers\FileHandler->read()
 4 SYSTEMPATH/Session/Session.php(920): session_start()
 5 SYSTEMPATH/Session/Session.php(250): CodeIgniter\Session\Session->startSession()
 6 SYSTEMPATH/Config/Services.php(674): CodeIgniter\Session\Session->start()
 7 SYSTEMPATH/Config/BaseService.php(252): CodeIgniter\Config\Services::session()
 8 SYSTEMPATH/Config/BaseService.php(193): CodeIgniter\Config\BaseService::__callStatic()
 9 SYSTEMPATH/Config/Services.php(641): CodeIgniter\Config\BaseService::getSharedInstance()
10 SYSTEMPATH/Config/BaseService.php(252): CodeIgniter\Config\Services::session()
11 APPPATH/Controllers/user/BaseController.php(66): CodeIgniter\Config\BaseService::__callStatic()
12 SYSTEMPATH/CodeIgniter.php(905): App\Controllers\user\BaseController->initController()
13 SYSTEMPATH/CodeIgniter.php(488): CodeIgniter\CodeIgniter->createController()
14 SYSTEMPATH/CodeIgniter.php(366): CodeIgniter\CodeIgniter->handleRequest()
15 FCPATH/index.php(67): CodeIgniter\CodeIgniter->run()
CRITICAL - 2023-10-13 14:54:30 --> fopen(/home/k4991560/sharing.fernandesraymond.id/crm/writable/session/ci_session8ojjcqu4ovrqj21ces1up2pu23trljbs): Failed to open stream: Disk quota exceeded
in SYSTEMPATH/Session/Handlers/FileHandler.php on line 128.
 1 [internal function]: CodeIgniter\Debug\Exceptions->errorHandler()
 2 SYSTEMPATH/Session/Handlers/FileHandler.php(128): fopen()
 3 [internal function]: CodeIgniter\Session\Handlers\FileHandler->read()
 4 SYSTEMPATH/Session/Session.php(920): session_start()
 5 SYSTEMPATH/Session/Session.php(250): CodeIgniter\Session\Session->startSession()
 6 SYSTEMPATH/Config/Services.php(674): CodeIgniter\Session\Session->start()
 7 SYSTEMPATH/Config/BaseService.php(252): CodeIgniter\Config\Services::session()
 8 SYSTEMPATH/Config/BaseService.php(193): CodeIgniter\Config\BaseService::__callStatic()
 9 SYSTEMPATH/Config/Services.php(641): CodeIgniter\Config\BaseService::getSharedInstance()
10 SYSTEMPATH/Config/BaseService.php(252): CodeIgniter\Config\Services::session()
11 APPPATH/Controllers/user/BaseController.php(66): CodeIgniter\Config\BaseService::__callStatic()
12 SYSTEMPATH/CodeIgniter.php(905): App\Controllers\user\BaseController->initController()
13 SYSTEMPATH/CodeIgniter.php(488): CodeIgniter\CodeIgniter->createController()
14 SYSTEMPATH/CodeIgniter.php(366): CodeIgniter\CodeIgniter->handleRequest()
15 FCPATH/index.php(67): CodeIgniter\CodeIgniter->run()
CRITICAL - 2023-10-13 15:16:41 --> fopen(/home/k4991560/sharing.fernandesraymond.id/crm/writable/session/ci_session19ao4jfg8isci60mqdde6agpb2il21n2): Failed to open stream: Disk quota exceeded
in SYSTEMPATH/Session/Handlers/FileHandler.php on line 128.
 1 [internal function]: CodeIgniter\Debug\Exceptions->errorHandler()
 2 SYSTEMPATH/Session/Handlers/FileHandler.php(128): fopen()
 3 [internal function]: CodeIgniter\Session\Handlers\FileHandler->read()
 4 SYSTEMPATH/Session/Session.php(920): session_start()
 5 SYSTEMPATH/Session/Session.php(250): CodeIgniter\Session\Session->startSession()
 6 SYSTEMPATH/Config/Services.php(674): CodeIgniter\Session\Session->start()
 7 SYSTEMPATH/Config/BaseService.php(252): CodeIgniter\Config\Services::session()
 8 SYSTEMPATH/Config/BaseService.php(193): CodeIgniter\Config\BaseService::__callStatic()
 9 SYSTEMPATH/Config/Services.php(641): CodeIgniter\Config\BaseService::getSharedInstance()
10 SYSTEMPATH/Config/BaseService.php(252): CodeIgniter\Config\Services::session()
11 APPPATH/Controllers/user/BaseController.php(66): CodeIgniter\Config\BaseService::__callStatic()
12 SYSTEMPATH/CodeIgniter.php(905): App\Controllers\user\BaseController->initController()
13 SYSTEMPATH/CodeIgniter.php(488): CodeIgniter\CodeIgniter->createController()
14 SYSTEMPATH/CodeIgniter.php(366): CodeIgniter\CodeIgniter->handleRequest()
15 FCPATH/index.php(67): CodeIgniter\CodeIgniter->run()
INFO - 2023-10-13 22:54:06 --> Session: Class initialized using 'CodeIgniter\Session\Handlers\FileHandler' driver.
INFO - 2023-10-13 23:11:06 --> Session: Class initialized using 'CodeIgniter\Session\Handlers\FileHandler' driver.
INFO - 2023-10-13 23:11:29 --> Session: Class initialized using 'CodeIgniter\Session\Handlers\FileHandler' driver.
