INFO - 2024-10-14 06:44:10 --> Session: Class initialized using 'CodeIgniter\Session\Handlers\FileHandler' driver.
INFO - 2024-10-14 06:44:10 --> Session: Class initialized using 'CodeIgniter\Session\Handlers\FileHandler' driver.
INFO - 2024-10-14 06:44:17 --> CSRF token verified.
ERROR - 2024-10-14 06:44:17 --> Error connecting to the database: mysqli_sql_exception: Access denied for user 'k4991560_fernandesraymond'@'localhost' (using password: YES) in /home/k4991560/sharing.fernandesraymond.id/crm/system/Database/MySQLi/Connection.php:174
Stack trace:
#0 /home/k4991560/sharing.fernandesraymond.id/crm/system/Database/MySQLi/Connection.php(174): mysqli->real_connect('localhost', 'k4991560_fernan...', 'FernandesElecom...', 'k4991560_crm', 3306, '', 0)
#1 /home/k4991560/sharing.fernandesraymond.id/crm/system/Database/BaseConnection.php(391): CodeIgniter\Database\MySQLi\Connection->connect(false)
#2 /home/k4991560/sharing.fernandesraymond.id/crm/system/Database/BaseConnection.php(574): CodeIgniter\Database\BaseConnection->initialize()
#3 /home/k4991560/sharing.fernandesraymond.id/crm/system/Database/BaseBuilder.php(1616): CodeIgniter\Database\BaseConnection->query('SELECT *\nFROM `...', Array, false)
#4 /home/k4991560/sharing.fernandesraymond.id/crm/system/Model.php(268): CodeIgniter\Database\BaseBuilder->get()
#5 /home/k4991560/sharing.fernandesraymond.id/crm/system/BaseModel.php(656): CodeIgniter\Model->doFirst()
#6 /home/k4991560/sharing.fernandesraymond.id/crm/app/Controllers/Login.php(26): CodeIgniter\BaseModel->first()
#7 /home/k4991560/sharing.fernandesraymond.id/crm/system/CodeIgniter.php(932): App\Controllers\Login->process()
#8 /home/k4991560/sharing.fernandesraymond.id/crm/system/CodeIgniter.php(497): CodeIgniter\CodeIgniter->runController(Object(App\Controllers\Login))
#9 /home/k4991560/sharing.fernandesraymond.id/crm/system/CodeIgniter.php(366): CodeIgniter\CodeIgniter->handleRequest(NULL, Object(Config\Cache), false)
#10 /home/k4991560/sharing.fernandesraymond.id/index.php(67): CodeIgniter\CodeIgniter->run()
#11 {main}

Next CodeIgniter\Database\Exceptions\DatabaseException: Access denied for user '****'@'localhost' (using password: YES) in /home/k4991560/sharing.fernandesraymond.id/crm/system/Database/MySQLi/Connection.php:218
Stack trace:
#0 /home/k4991560/sharing.fernandesraymond.id/crm/system/Database/BaseConnection.php(391): CodeIgniter\Database\MySQLi\Connection->connect(false)
#1 /home/k4991560/sharing.fernandesraymond.id/crm/system/Database/BaseConnection.php(574): CodeIgniter\Database\BaseConnection->initialize()
#2 /home/k4991560/sharing.fernandesraymond.id/crm/system/Database/BaseBuilder.php(1616): CodeIgniter\Database\BaseConnection->query('SELECT *\nFROM `...', Array, false)
#3 /home/k4991560/sharing.fernandesraymond.id/crm/system/Model.php(268): CodeIgniter\Database\BaseBuilder->get()
#4 /home/k4991560/sharing.fernandesraymond.id/crm/system/BaseModel.php(656): CodeIgniter\Model->doFirst()
#5 /home/k4991560/sharing.fernandesraymond.id/crm/app/Controllers/Login.php(26): CodeIgniter\BaseModel->first()
#6 /home/k4991560/sharing.fernandesraymond.id/crm/system/CodeIgniter.php(932): App\Controllers\Login->process()
#7 /home/k4991560/sharing.fernandesraymond.id/crm/system/CodeIgniter.php(497): CodeIgniter\CodeIgniter->runController(Object(App\Controllers\Login))
#8 /home/k4991560/sharing.fernandesraymond.id/crm/system/CodeIgniter.php(366): CodeIgniter\CodeIgniter->handleRequest(NULL, Object(Config\Cache), false)
#9 /home/k4991560/sharing.fernandesraymond.id/index.php(67): CodeIgniter\CodeIgniter->run()
#10 {main}
CRITICAL - 2024-10-14 06:44:17 --> Unable to connect to the database.
Main connection [MySQLi]: Access denied for user '****'@'localhost' (using password: YES)
in SYSTEMPATH/Database/BaseConnection.php on line 427.
 1 SYSTEMPATH/Database/BaseConnection.php(574): CodeIgniter\Database\BaseConnection->initialize()
 2 SYSTEMPATH/Database/BaseBuilder.php(1616): CodeIgniter\Database\BaseConnection->query('SELECT *
FROM `tb_user`
WHERE `username` = :username:
 LIMIT 1', [...], false)
 3 SYSTEMPATH/Model.php(268): CodeIgniter\Database\BaseBuilder->get()
 4 SYSTEMPATH/BaseModel.php(656): CodeIgniter\Model->doFirst()
 5 APPPATH/Controllers/Login.php(26): CodeIgniter\BaseModel->first()
 6 SYSTEMPATH/CodeIgniter.php(932): App\Controllers\Login->process()
 7 SYSTEMPATH/CodeIgniter.php(497): CodeIgniter\CodeIgniter->runController(Object(App\Controllers\Login))
 8 SYSTEMPATH/CodeIgniter.php(366): CodeIgniter\CodeIgniter->handleRequest(null, Object(Config\Cache), false)
 9 FCPATH/index.php(67): CodeIgniter\CodeIgniter->run()
INFO - 2024-10-14 06:44:34 --> Session: Class initialized using 'CodeIgniter\Session\Handlers\FileHandler' driver.
INFO - 2024-10-14 07:06:59 --> CSRF token verified.
ERROR - 2024-10-14 07:06:59 --> Error connecting to the database: mysqli_sql_exception: Access denied for user 'k4991560_fernandesraymond'@'localhost' (using password: YES) in /home/k4991560/sharing.fernandesraymond.id/crm/system/Database/MySQLi/Connection.php:174
Stack trace:
#0 /home/k4991560/sharing.fernandesraymond.id/crm/system/Database/MySQLi/Connection.php(174): mysqli->real_connect('localhost', 'k4991560_fernan...', 'FernandesElecom...', 'k4991560_crm', 3306, '', 0)
#1 /home/k4991560/sharing.fernandesraymond.id/crm/system/Database/BaseConnection.php(391): CodeIgniter\Database\MySQLi\Connection->connect(false)
#2 /home/k4991560/sharing.fernandesraymond.id/crm/system/Database/BaseConnection.php(574): CodeIgniter\Database\BaseConnection->initialize()
#3 /home/k4991560/sharing.fernandesraymond.id/crm/system/Database/BaseBuilder.php(1616): CodeIgniter\Database\BaseConnection->query('SELECT *\nFROM `...', Array, false)
#4 /home/k4991560/sharing.fernandesraymond.id/crm/system/Model.php(268): CodeIgniter\Database\BaseBuilder->get()
#5 /home/k4991560/sharing.fernandesraymond.id/crm/system/BaseModel.php(656): CodeIgniter\Model->doFirst()
#6 /home/k4991560/sharing.fernandesraymond.id/crm/app/Controllers/Login.php(26): CodeIgniter\BaseModel->first()
#7 /home/k4991560/sharing.fernandesraymond.id/crm/system/CodeIgniter.php(932): App\Controllers\Login->process()
#8 /home/k4991560/sharing.fernandesraymond.id/crm/system/CodeIgniter.php(497): CodeIgniter\CodeIgniter->runController(Object(App\Controllers\Login))
#9 /home/k4991560/sharing.fernandesraymond.id/crm/system/CodeIgniter.php(366): CodeIgniter\CodeIgniter->handleRequest(NULL, Object(Config\Cache), false)
#10 /home/k4991560/sharing.fernandesraymond.id/index.php(67): CodeIgniter\CodeIgniter->run()
#11 {main}

Next CodeIgniter\Database\Exceptions\DatabaseException: Access denied for user '****'@'localhost' (using password: YES) in /home/k4991560/sharing.fernandesraymond.id/crm/system/Database/MySQLi/Connection.php:218
Stack trace:
#0 /home/k4991560/sharing.fernandesraymond.id/crm/system/Database/BaseConnection.php(391): CodeIgniter\Database\MySQLi\Connection->connect(false)
#1 /home/k4991560/sharing.fernandesraymond.id/crm/system/Database/BaseConnection.php(574): CodeIgniter\Database\BaseConnection->initialize()
#2 /home/k4991560/sharing.fernandesraymond.id/crm/system/Database/BaseBuilder.php(1616): CodeIgniter\Database\BaseConnection->query('SELECT *\nFROM `...', Array, false)
#3 /home/k4991560/sharing.fernandesraymond.id/crm/system/Model.php(268): CodeIgniter\Database\BaseBuilder->get()
#4 /home/k4991560/sharing.fernandesraymond.id/crm/system/BaseModel.php(656): CodeIgniter\Model->doFirst()
#5 /home/k4991560/sharing.fernandesraymond.id/crm/app/Controllers/Login.php(26): CodeIgniter\BaseModel->first()
#6 /home/k4991560/sharing.fernandesraymond.id/crm/system/CodeIgniter.php(932): App\Controllers\Login->process()
#7 /home/k4991560/sharing.fernandesraymond.id/crm/system/CodeIgniter.php(497): CodeIgniter\CodeIgniter->runController(Object(App\Controllers\Login))
#8 /home/k4991560/sharing.fernandesraymond.id/crm/system/CodeIgniter.php(366): CodeIgniter\CodeIgniter->handleRequest(NULL, Object(Config\Cache), false)
#9 /home/k4991560/sharing.fernandesraymond.id/index.php(67): CodeIgniter\CodeIgniter->run()
#10 {main}
CRITICAL - 2024-10-14 07:06:59 --> Unable to connect to the database.
Main connection [MySQLi]: Access denied for user '****'@'localhost' (using password: YES)
in SYSTEMPATH/Database/BaseConnection.php on line 427.
 1 SYSTEMPATH/Database/BaseConnection.php(574): CodeIgniter\Database\BaseConnection->initialize()
 2 SYSTEMPATH/Database/BaseBuilder.php(1616): CodeIgniter\Database\BaseConnection->query('SELECT *
FROM `tb_user`
WHERE `username` = :username:
 LIMIT 1', [...], false)
 3 SYSTEMPATH/Model.php(268): CodeIgniter\Database\BaseBuilder->get()
 4 SYSTEMPATH/BaseModel.php(656): CodeIgniter\Model->doFirst()
 5 APPPATH/Controllers/Login.php(26): CodeIgniter\BaseModel->first()
 6 SYSTEMPATH/CodeIgniter.php(932): App\Controllers\Login->process()
 7 SYSTEMPATH/CodeIgniter.php(497): CodeIgniter\CodeIgniter->runController(Object(App\Controllers\Login))
 8 SYSTEMPATH/CodeIgniter.php(366): CodeIgniter\CodeIgniter->handleRequest(null, Object(Config\Cache), false)
 9 FCPATH/index.php(67): CodeIgniter\CodeIgniter->run()
INFO - 2024-10-14 07:22:57 --> Session: Class initialized using 'CodeIgniter\Session\Handlers\FileHandler' driver.
INFO - 2024-10-14 07:22:57 --> Session: Class initialized using 'CodeIgniter\Session\Handlers\FileHandler' driver.
INFO - 2024-10-14 08:59:58 --> Session: Class initialized using 'CodeIgniter\Session\Handlers\FileHandler' driver.
INFO - 2024-10-14 08:59:58 --> Session: Class initialized using 'CodeIgniter\Session\Handlers\FileHandler' driver.
INFO - 2024-10-14 09:00:03 --> CSRF token verified.
ERROR - 2024-10-14 09:00:03 --> Error connecting to the database: mysqli_sql_exception: Access denied for user 'k4991560_fernandesraymond'@'localhost' (using password: YES) in /home/k4991560/sharing.fernandesraymond.id/crm/system/Database/MySQLi/Connection.php:174
Stack trace:
#0 /home/k4991560/sharing.fernandesraymond.id/crm/system/Database/MySQLi/Connection.php(174): mysqli->real_connect('localhost', 'k4991560_fernan...', 'FernandesElecom...', 'k4991560_crm', 3306, '', 0)
#1 /home/k4991560/sharing.fernandesraymond.id/crm/system/Database/BaseConnection.php(391): CodeIgniter\Database\MySQLi\Connection->connect(false)
#2 /home/k4991560/sharing.fernandesraymond.id/crm/system/Database/BaseConnection.php(574): CodeIgniter\Database\BaseConnection->initialize()
#3 /home/k4991560/sharing.fernandesraymond.id/crm/system/Database/BaseBuilder.php(1616): CodeIgniter\Database\BaseConnection->query('SELECT *\nFROM `...', Array, false)
#4 /home/k4991560/sharing.fernandesraymond.id/crm/system/Model.php(268): CodeIgniter\Database\BaseBuilder->get()
#5 /home/k4991560/sharing.fernandesraymond.id/crm/system/BaseModel.php(656): CodeIgniter\Model->doFirst()
#6 /home/k4991560/sharing.fernandesraymond.id/crm/app/Controllers/Login.php(26): CodeIgniter\BaseModel->first()
#7 /home/k4991560/sharing.fernandesraymond.id/crm/system/CodeIgniter.php(932): App\Controllers\Login->process()
#8 /home/k4991560/sharing.fernandesraymond.id/crm/system/CodeIgniter.php(497): CodeIgniter\CodeIgniter->runController(Object(App\Controllers\Login))
#9 /home/k4991560/sharing.fernandesraymond.id/crm/system/CodeIgniter.php(366): CodeIgniter\CodeIgniter->handleRequest(NULL, Object(Config\Cache), false)
#10 /home/k4991560/sharing.fernandesraymond.id/index.php(67): CodeIgniter\CodeIgniter->run()
#11 {main}

Next CodeIgniter\Database\Exceptions\DatabaseException: Access denied for user '****'@'localhost' (using password: YES) in /home/k4991560/sharing.fernandesraymond.id/crm/system/Database/MySQLi/Connection.php:218
Stack trace:
#0 /home/k4991560/sharing.fernandesraymond.id/crm/system/Database/BaseConnection.php(391): CodeIgniter\Database\MySQLi\Connection->connect(false)
#1 /home/k4991560/sharing.fernandesraymond.id/crm/system/Database/BaseConnection.php(574): CodeIgniter\Database\BaseConnection->initialize()
#2 /home/k4991560/sharing.fernandesraymond.id/crm/system/Database/BaseBuilder.php(1616): CodeIgniter\Database\BaseConnection->query('SELECT *\nFROM `...', Array, false)
#3 /home/k4991560/sharing.fernandesraymond.id/crm/system/Model.php(268): CodeIgniter\Database\BaseBuilder->get()
#4 /home/k4991560/sharing.fernandesraymond.id/crm/system/BaseModel.php(656): CodeIgniter\Model->doFirst()
#5 /home/k4991560/sharing.fernandesraymond.id/crm/app/Controllers/Login.php(26): CodeIgniter\BaseModel->first()
#6 /home/k4991560/sharing.fernandesraymond.id/crm/system/CodeIgniter.php(932): App\Controllers\Login->process()
#7 /home/k4991560/sharing.fernandesraymond.id/crm/system/CodeIgniter.php(497): CodeIgniter\CodeIgniter->runController(Object(App\Controllers\Login))
#8 /home/k4991560/sharing.fernandesraymond.id/crm/system/CodeIgniter.php(366): CodeIgniter\CodeIgniter->handleRequest(NULL, Object(Config\Cache), false)
#9 /home/k4991560/sharing.fernandesraymond.id/index.php(67): CodeIgniter\CodeIgniter->run()
#10 {main}
CRITICAL - 2024-10-14 09:00:03 --> Unable to connect to the database.
Main connection [MySQLi]: Access denied for user '****'@'localhost' (using password: YES)
in SYSTEMPATH/Database/BaseConnection.php on line 427.
 1 SYSTEMPATH/Database/BaseConnection.php(574): CodeIgniter\Database\BaseConnection->initialize()
 2 SYSTEMPATH/Database/BaseBuilder.php(1616): CodeIgniter\Database\BaseConnection->query('SELECT *
FROM `tb_user`
WHERE `username` = :username:
 LIMIT 1', [...], false)
 3 SYSTEMPATH/Model.php(268): CodeIgniter\Database\BaseBuilder->get()
 4 SYSTEMPATH/BaseModel.php(656): CodeIgniter\Model->doFirst()
 5 APPPATH/Controllers/Login.php(26): CodeIgniter\BaseModel->first()
 6 SYSTEMPATH/CodeIgniter.php(932): App\Controllers\Login->process()
 7 SYSTEMPATH/CodeIgniter.php(497): CodeIgniter\CodeIgniter->runController(Object(App\Controllers\Login))
 8 SYSTEMPATH/CodeIgniter.php(366): CodeIgniter\CodeIgniter->handleRequest(null, Object(Config\Cache), false)
 9 FCPATH/index.php(67): CodeIgniter\CodeIgniter->run()
INFO - 2024-10-14 09:00:55 --> CSRF token verified.
INFO - 2024-10-14 09:00:55 --> Session: Class initialized using 'CodeIgniter\Session\Handlers\FileHandler' driver.
INFO - 2024-10-14 09:00:55 --> Session: Class initialized using 'CodeIgniter\Session\Handlers\FileHandler' driver.
INFO - 2024-10-14 09:00:59 --> CSRF token verified.
INFO - 2024-10-14 09:00:59 --> Session: Class initialized using 'CodeIgniter\Session\Handlers\FileHandler' driver.
INFO - 2024-10-14 09:01:00 --> Session: Class initialized using 'CodeIgniter\Session\Handlers\FileHandler' driver.
INFO - 2024-10-14 09:01:21 --> Session: Class initialized using 'CodeIgniter\Session\Handlers\FileHandler' driver.
INFO - 2024-10-14 09:01:25 --> CSRF token verified.
INFO - 2024-10-14 09:01:25 --> Session: Class initialized using 'CodeIgniter\Session\Handlers\FileHandler' driver.
INFO - 2024-10-14 09:01:25 --> Session: Class initialized using 'CodeIgniter\Session\Handlers\FileHandler' driver.
INFO - 2024-10-14 09:01:51 --> CSRF token verified.
INFO - 2024-10-14 09:01:51 --> Session: Class initialized using 'CodeIgniter\Session\Handlers\FileHandler' driver.
INFO - 2024-10-14 09:01:51 --> Session: Class initialized using 'CodeIgniter\Session\Handlers\FileHandler' driver.
INFO - 2024-10-14 09:02:12 --> CSRF token verified.
INFO - 2024-10-14 09:02:12 --> Session: Class initialized using 'CodeIgniter\Session\Handlers\FileHandler' driver.
INFO - 2024-10-14 09:02:12 --> Session: Class initialized using 'CodeIgniter\Session\Handlers\FileHandler' driver.
INFO - 2024-10-14 09:02:13 --> Session: Class initialized using 'CodeIgniter\Session\Handlers\FileHandler' driver.
INFO - 2024-10-14 09:02:42 --> Session: Class initialized using 'CodeIgniter\Session\Handlers\FileHandler' driver.
INFO - 2024-10-14 09:02:42 --> Session: Class initialized using 'CodeIgniter\Session\Handlers\FileHandler' driver.
INFO - 2024-10-14 09:03:01 --> CSRF token verified.
INFO - 2024-10-14 09:03:01 --> Session: Class initialized using 'CodeIgniter\Session\Handlers\FileHandler' driver.
INFO - 2024-10-14 09:03:01 --> Session: Class initialized using 'CodeIgniter\Session\Handlers\FileHandler' driver.
WARNING - 2024-10-14 09:03:01 --> [DEPRECATED] explode(): Passing null to parameter #2 ($string) of type string is deprecated in APPPATH/Models/UserModel.php on line 47.
 1 APPPATH/Models/UserModel.php(47): explode(',', null)
 2 APPPATH/Controllers/user/Homectrl.php(52): App\Models\UserModel->getMenu()
 3 SYSTEMPATH/CodeIgniter.php(932): App\Controllers\user\Homectrl->index()
 4 SYSTEMPATH/CodeIgniter.php(497): CodeIgniter\CodeIgniter->runController(Object(App\Controllers\user\Homectrl))
 5 SYSTEMPATH/CodeIgniter.php(366): CodeIgniter\CodeIgniter->handleRequest(null, Object(Config\Cache), false)
 6 FCPATH/index.php(67): CodeIgniter\CodeIgniter->run()
INFO - 2024-10-14 09:03:51 --> Session: Class initialized using 'CodeIgniter\Session\Handlers\FileHandler' driver.
INFO - 2024-10-14 09:04:13 --> Session: Class initialized using 'CodeIgniter\Session\Handlers\FileHandler' driver.
INFO - 2024-10-14 09:04:23 --> Session: Class initialized using 'CodeIgniter\Session\Handlers\FileHandler' driver.
INFO - 2024-10-14 09:04:46 --> Session: Class initialized using 'CodeIgniter\Session\Handlers\FileHandler' driver.
WARNING - 2024-10-14 09:04:46 --> [DEPRECATED] explode(): Passing null to parameter #2 ($string) of type string is deprecated in APPPATH/Models/UserModel.php on line 47.
 1 APPPATH/Models/UserModel.php(47): explode(',', null)
 2 APPPATH/Controllers/mpm/Rekapitulasi.php(75): App\Models\UserModel->getMenu()
 3 SYSTEMPATH/CodeIgniter.php(932): App\Controllers\mpm\Rekapitulasi->index()
 4 SYSTEMPATH/CodeIgniter.php(497): CodeIgniter\CodeIgniter->runController(Object(App\Controllers\mpm\Rekapitulasi))
 5 SYSTEMPATH/CodeIgniter.php(366): CodeIgniter\CodeIgniter->handleRequest(null, Object(Config\Cache), false)
 6 FCPATH/index.php(67): CodeIgniter\CodeIgniter->run()
INFO - 2024-10-14 09:04:57 --> Session: Class initialized using 'CodeIgniter\Session\Handlers\FileHandler' driver.
INFO - 2024-10-14 09:05:28 --> CSRF token verified.
INFO - 2024-10-14 09:05:28 --> Session: Class initialized using 'CodeIgniter\Session\Handlers\FileHandler' driver.
INFO - 2024-10-14 09:05:28 --> Session: Class initialized using 'CodeIgniter\Session\Handlers\FileHandler' driver.
INFO - 2024-10-14 09:05:35 --> Session: Class initialized using 'CodeIgniter\Session\Handlers\FileHandler' driver.
WARNING - 2024-10-14 09:05:35 --> [DEPRECATED] explode(): Passing null to parameter #2 ($string) of type string is deprecated in APPPATH/Models/UserModel.php on line 47.
 1 APPPATH/Models/UserModel.php(47): explode(',', null)
 2 APPPATH/Controllers/mpm/Rekapitulasi.php(75): App\Models\UserModel->getMenu()
 3 SYSTEMPATH/CodeIgniter.php(932): App\Controllers\mpm\Rekapitulasi->index()
 4 SYSTEMPATH/CodeIgniter.php(497): CodeIgniter\CodeIgniter->runController(Object(App\Controllers\mpm\Rekapitulasi))
 5 SYSTEMPATH/CodeIgniter.php(366): CodeIgniter\CodeIgniter->handleRequest(null, Object(Config\Cache), false)
 6 FCPATH/index.php(67): CodeIgniter\CodeIgniter->run()
INFO - 2024-10-14 09:47:55 --> Session: Class initialized using 'CodeIgniter\Session\Handlers\FileHandler' driver.
WARNING - 2024-10-14 09:47:55 --> [DEPRECATED] explode(): Passing null to parameter #2 ($string) of type string is deprecated in APPPATH/Models/UserModel.php on line 47.
 1 APPPATH/Models/UserModel.php(47): explode(',', null)
 2 APPPATH/Controllers/mpm/Rekapitulasi.php(75): App\Models\UserModel->getMenu()
 3 SYSTEMPATH/CodeIgniter.php(932): App\Controllers\mpm\Rekapitulasi->index()
 4 SYSTEMPATH/CodeIgniter.php(497): CodeIgniter\CodeIgniter->runController(Object(App\Controllers\mpm\Rekapitulasi))
 5 SYSTEMPATH/CodeIgniter.php(366): CodeIgniter\CodeIgniter->handleRequest(null, Object(Config\Cache), false)
 6 FCPATH/index.php(67): CodeIgniter\CodeIgniter->run()
INFO - 2024-10-14 09:55:11 --> Session: Class initialized using 'CodeIgniter\Session\Handlers\FileHandler' driver.
INFO - 2024-10-14 09:55:12 --> Session: Class initialized using 'CodeIgniter\Session\Handlers\FileHandler' driver.
INFO - 2024-10-14 09:55:13 --> Session: Class initialized using 'CodeIgniter\Session\Handlers\FileHandler' driver.
INFO - 2024-10-14 10:12:42 --> Session: Class initialized using 'CodeIgniter\Session\Handlers\FileHandler' driver.
INFO - 2024-10-14 10:12:43 --> Session: Class initialized using 'CodeIgniter\Session\Handlers\FileHandler' driver.
INFO - 2024-10-14 10:12:44 --> Session: Class initialized using 'CodeIgniter\Session\Handlers\FileHandler' driver.
