INFO - 2025-06-03 03:26:51 --> Session: Class initialized using 'CodeIgniter\Session\Handlers\FileHandler' driver.
INFO - 2025-06-03 03:26:57 --> Session: Class initialized using 'CodeIgniter\Session\Handlers\FileHandler' driver.
INFO - 2025-06-03 03:28:58 --> CSRF token verified.
INFO - 2025-06-03 03:28:59 --> Session: Class initialized using 'CodeIgniter\Session\Handlers\FileHandler' driver.
INFO - 2025-06-03 03:29:01 --> Session: Class initialized using 'CodeIgniter\Session\Handlers\FileHandler' driver.
INFO - 2025-06-03 03:29:02 --> Session: Class initialized using 'CodeIgniter\Session\Handlers\FileHandler' driver.
INFO - 2025-06-03 03:30:02 --> Session: Class initialized using 'CodeIgniter\Session\Handlers\FileHandler' driver.
INFO - 2025-06-03 03:30:07 --> Session: Class initialized using 'CodeIgniter\Session\Handlers\FileHandler' driver.
INFO - 2025-06-03 03:30:12 --> Session: Class initialized using 'CodeIgniter\Session\Handlers\FileHandler' driver.
INFO - 2025-06-03 03:41:38 --> Session: Class initialized using 'CodeIgniter\Session\Handlers\FileHandler' driver.
INFO - 2025-06-03 03:41:43 --> Session: Class initialized using 'CodeIgniter\Session\Handlers\FileHandler' driver.
INFO - 2025-06-03 03:47:44 --> Session: Class initialized using 'CodeIgniter\Session\Handlers\FileHandler' driver.
INFO - 2025-06-03 03:47:51 --> Session: Class initialized using 'CodeIgniter\Session\Handlers\FileHandler' driver.
CRITICAL - 2025-06-03 03:47:51 --> Undefined array key "judul_tugas"
in APPPATH\Views\admin\tugas\pengumpulan.php on line 8.
 1 APPPATH\Views\admin\tugas\pengumpulan.php(8): CodeIgniter\Debug\Exceptions->errorHandler(2, 'Undefined array key "judul_tugas"', 'D:\\magang\\crm\\app\\Views\\admin\\tugas\\pengumpulan.php', 8)
 2 SYSTEMPATH\View\View.php(224): include('D:\\magang\\crm\\app\\Views\\admin\\tugas\\pengumpulan.php')
 3 SYSTEMPATH\View\View.php(227): CodeIgniter\View\View->CodeIgniter\View\{closure}()
 4 SYSTEMPATH\Common.php(1180): CodeIgniter\View\View->render('admin/tugas/pengumpulan', [], true)
 5 APPPATH\Controllers\admin\Tugasctrl.php(190): view('admin/tugas/pengumpulan', [...])
 6 SYSTEMPATH\CodeIgniter.php(932): App\Controllers\admin\Tugasctrl->pengumpulan('13')
 7 SYSTEMPATH\CodeIgniter.php(497): CodeIgniter\CodeIgniter->runController(Object(App\Controllers\admin\Tugasctrl))
 8 SYSTEMPATH\CodeIgniter.php(366): CodeIgniter\CodeIgniter->handleRequest(null, Object(Config\Cache), false)
 9 FCPATH\index.php(67): CodeIgniter\CodeIgniter->run()
10 SYSTEMPATH\Commands\Server\rewrite.php(47): require_once('D:\\magang\\crm\\public\\index.php')
INFO - 2025-06-03 03:54:43 --> Session: Class initialized using 'CodeIgniter\Session\Handlers\FileHandler' driver.
INFO - 2025-06-03 03:57:06 --> Session: Class initialized using 'CodeIgniter\Session\Handlers\FileHandler' driver.
INFO - 2025-06-03 03:57:13 --> Session: Class initialized using 'CodeIgniter\Session\Handlers\FileHandler' driver.
INFO - 2025-06-03 03:57:19 --> Session: Class initialized using 'CodeIgniter\Session\Handlers\FileHandler' driver.
INFO - 2025-06-03 03:58:35 --> Session: Class initialized using 'CodeIgniter\Session\Handlers\FileHandler' driver.
INFO - 2025-06-03 03:58:45 --> Session: Class initialized using 'CodeIgniter\Session\Handlers\FileHandler' driver.
INFO - 2025-06-03 03:58:48 --> Session: Class initialized using 'CodeIgniter\Session\Handlers\FileHandler' driver.
INFO - 2025-06-03 03:59:43 --> Session: Class initialized using 'CodeIgniter\Session\Handlers\FileHandler' driver.
INFO - 2025-06-03 03:59:54 --> Session: Class initialized using 'CodeIgniter\Session\Handlers\FileHandler' driver.
INFO - 2025-06-03 04:01:05 --> Session: Class initialized using 'CodeIgniter\Session\Handlers\FileHandler' driver.
INFO - 2025-06-03 04:01:11 --> Session: Class initialized using 'CodeIgniter\Session\Handlers\FileHandler' driver.
INFO - 2025-06-03 04:03:27 --> Session: Class initialized using 'CodeIgniter\Session\Handlers\FileHandler' driver.
INFO - 2025-06-03 04:03:34 --> Session: Class initialized using 'CodeIgniter\Session\Handlers\FileHandler' driver.
INFO - 2025-06-03 04:03:53 --> Session: Class initialized using 'CodeIgniter\Session\Handlers\FileHandler' driver.
INFO - 2025-06-03 04:32:24 --> Session: Class initialized using 'CodeIgniter\Session\Handlers\FileHandler' driver.
INFO - 2025-06-03 04:32:39 --> Session: Class initialized using 'CodeIgniter\Session\Handlers\FileHandler' driver.
INFO - 2025-06-03 04:33:08 --> Session: Class initialized using 'CodeIgniter\Session\Handlers\FileHandler' driver.
ERROR - 2025-06-03 06:33:28 --> mysqli_sql_exception: Unknown column 'tb_user.nama_lengkap' in 'field list' in D:\magang\crm\system\Database\MySQLi\Connection.php:295
Stack trace:
#0 D:\magang\crm\system\Database\MySQLi\Connection.php(295): mysqli->query('SELECT `tb_jawa...', 0)
#1 D:\magang\crm\system\Database\BaseConnection.php(692): CodeIgniter\Database\MySQLi\Connection->execute('SELECT `tb_jawa...')
#2 D:\magang\crm\system\Database\BaseConnection.php(606): CodeIgniter\Database\BaseConnection->simpleQuery('SELECT `tb_jawa...')
#3 D:\magang\crm\system\Database\BaseBuilder.php(1616): CodeIgniter\Database\BaseConnection->query('SELECT `tb_jawa...', Array, false)
#4 D:\magang\crm\system\Model.php(241): CodeIgniter\Database\BaseBuilder->get()
#5 D:\magang\crm\system\BaseModel.php(618): CodeIgniter\Model->doFindAll(0, 0)
#6 D:\magang\crm\app\Controllers\admin\Tugasctrl.php(167): CodeIgniter\BaseModel->findAll()
#7 D:\magang\crm\system\CodeIgniter.php(932): App\Controllers\Admin\Tugasctrl->pengumpulan('13')
#8 D:\magang\crm\system\CodeIgniter.php(497): CodeIgniter\CodeIgniter->runController(Object(App\Controllers\Admin\Tugasctrl))
#9 D:\magang\crm\system\CodeIgniter.php(366): CodeIgniter\CodeIgniter->handleRequest(NULL, Object(Config\Cache), false)
#10 D:\magang\crm\public\index.php(67): CodeIgniter\CodeIgniter->run()
#11 D:\magang\crm\system\Commands\Server\rewrite.php(47): require_once('D:\\magang\\crm\\p...')
#12 {main}
CRITICAL - 2025-06-03 06:33:28 --> Unknown column 'tb_user.nama_lengkap' in 'field list'
in SYSTEMPATH\Database\MySQLi\Connection.php on line 295.
 1 SYSTEMPATH\Database\MySQLi\Connection.php(295): mysqli->query('SELECT `tb_jawaban`.*, `tb_user`.`nama_lengkap`
FROM `tb_jawaban`
JOIN `tb_user` ON `tb_user`.`id_user` = `tb_jawaban`.`id_user`
WHERE `tb_jawaban`.`id_tugas` = \'13\'
ORDER BY `tb_jawaban`.`waktu_pengumpulan` DESC', 0)
 2 SYSTEMPATH\Database\BaseConnection.php(692): CodeIgniter\Database\MySQLi\Connection->execute('SELECT `tb_jawaban`.*, `tb_user`.`nama_lengkap`
FROM `tb_jawaban`
JOIN `tb_user` ON `tb_user`.`id_user` = `tb_jawaban`.`id_user`
WHERE `tb_jawaban`.`id_tugas` = \'13\'
ORDER BY `tb_jawaban`.`waktu_pengumpulan` DESC')
 3 SYSTEMPATH\Database\BaseConnection.php(606): CodeIgniter\Database\BaseConnection->simpleQuery('SELECT `tb_jawaban`.*, `tb_user`.`nama_lengkap`
FROM `tb_jawaban`
JOIN `tb_user` ON `tb_user`.`id_user` = `tb_jawaban`.`id_user`
WHERE `tb_jawaban`.`id_tugas` = \'13\'
ORDER BY `tb_jawaban`.`waktu_pengumpulan` DESC')
 4 SYSTEMPATH\Database\BaseBuilder.php(1616): CodeIgniter\Database\BaseConnection->query('SELECT `tb_jawaban`.*, `tb_user`.`nama_lengkap`
FROM `tb_jawaban`
JOIN `tb_user` ON `tb_user`.`id_user` = `tb_jawaban`.`id_user`
WHERE `tb_jawaban`.`id_tugas` = :tb_jawaban.id_tugas:
ORDER BY `tb_jawaban`.`waktu_pengumpulan` DESC', [...], false)
 5 SYSTEMPATH\Model.php(241): CodeIgniter\Database\BaseBuilder->get()
 6 SYSTEMPATH\BaseModel.php(618): CodeIgniter\Model->doFindAll(0, 0)
 7 APPPATH\Controllers\admin\Tugasctrl.php(167): CodeIgniter\BaseModel->findAll()
 8 SYSTEMPATH\CodeIgniter.php(932): App\Controllers\Admin\Tugasctrl->pengumpulan('13')
 9 SYSTEMPATH\CodeIgniter.php(497): CodeIgniter\CodeIgniter->runController(Object(App\Controllers\Admin\Tugasctrl))
10 SYSTEMPATH\CodeIgniter.php(366): CodeIgniter\CodeIgniter->handleRequest(null, Object(Config\Cache), false)
11 FCPATH\index.php(67): CodeIgniter\CodeIgniter->run()
12 SYSTEMPATH\Commands\Server\rewrite.php(47): require_once('D:\\magang\\crm\\public\\index.php')
INFO - 2025-06-03 06:33:38 --> Session: Class initialized using 'CodeIgniter\Session\Handlers\FileHandler' driver.
INFO - 2025-06-03 06:33:42 --> Session: Class initialized using 'CodeIgniter\Session\Handlers\FileHandler' driver.
INFO - 2025-06-03 06:33:50 --> Session: Class initialized using 'CodeIgniter\Session\Handlers\FileHandler' driver.
INFO - 2025-06-03 06:33:53 --> Session: Class initialized using 'CodeIgniter\Session\Handlers\FileHandler' driver.
CRITICAL - 2025-06-03 06:33:56 --> Call to undefined method App\Models\TugasModel::getTugasWithPelatihan
in SYSTEMPATH\Model.php on line 838.
 1 APPPATH\Controllers\admin\Tugasctrl.php(29): CodeIgniter\Model->__call('getTugasWithPelatihan', [])
 2 SYSTEMPATH\CodeIgniter.php(932): App\Controllers\Admin\Tugasctrl->index()
 3 SYSTEMPATH\CodeIgniter.php(497): CodeIgniter\CodeIgniter->runController(Object(App\Controllers\Admin\Tugasctrl))
 4 SYSTEMPATH\CodeIgniter.php(366): CodeIgniter\CodeIgniter->handleRequest(null, Object(Config\Cache), false)
 5 FCPATH\index.php(67): CodeIgniter\CodeIgniter->run()
 6 SYSTEMPATH\Commands\Server\rewrite.php(47): require_once('D:\\magang\\crm\\public\\index.php')
INFO - 2025-06-03 06:35:44 --> Session: Class initialized using 'CodeIgniter\Session\Handlers\FileHandler' driver.
INFO - 2025-06-03 06:35:50 --> Session: Class initialized using 'CodeIgniter\Session\Handlers\FileHandler' driver.
INFO - 2025-06-03 06:35:55 --> Session: Class initialized using 'CodeIgniter\Session\Handlers\FileHandler' driver.
INFO - 2025-06-03 06:40:58 --> Session: Class initialized using 'CodeIgniter\Session\Handlers\FileHandler' driver.
ERROR - 2025-06-03 06:41:00 --> mysqli_sql_exception: Unknown column 'tb_user.nama_lengkap' in 'field list' in D:\magang\crm\system\Database\MySQLi\Connection.php:295
Stack trace:
#0 D:\magang\crm\system\Database\MySQLi\Connection.php(295): mysqli->query('SELECT `tb_jawa...', 0)
#1 D:\magang\crm\system\Database\BaseConnection.php(692): CodeIgniter\Database\MySQLi\Connection->execute('SELECT `tb_jawa...')
#2 D:\magang\crm\system\Database\BaseConnection.php(606): CodeIgniter\Database\BaseConnection->simpleQuery('SELECT `tb_jawa...')
#3 D:\magang\crm\system\Database\BaseBuilder.php(1616): CodeIgniter\Database\BaseConnection->query('SELECT `tb_jawa...', Array, false)
#4 D:\magang\crm\system\Model.php(241): CodeIgniter\Database\BaseBuilder->get()
#5 D:\magang\crm\system\BaseModel.php(618): CodeIgniter\Model->doFindAll(0, 0)
#6 D:\magang\crm\app\Controllers\admin\Tugasctrl.php(202): CodeIgniter\BaseModel->findAll()
#7 D:\magang\crm\system\CodeIgniter.php(932): App\Controllers\admin\Tugasctrl->pengumpulan('13')
#8 D:\magang\crm\system\CodeIgniter.php(497): CodeIgniter\CodeIgniter->runController(Object(App\Controllers\admin\Tugasctrl))
#9 D:\magang\crm\system\CodeIgniter.php(366): CodeIgniter\CodeIgniter->handleRequest(NULL, Object(Config\Cache), false)
#10 D:\magang\crm\public\index.php(67): CodeIgniter\CodeIgniter->run()
#11 D:\magang\crm\system\Commands\Server\rewrite.php(47): require_once('D:\\magang\\crm\\p...')
#12 {main}
CRITICAL - 2025-06-03 06:41:00 --> Unknown column 'tb_user.nama_lengkap' in 'field list'
in SYSTEMPATH\Database\MySQLi\Connection.php on line 295.
 1 SYSTEMPATH\Database\MySQLi\Connection.php(295): mysqli->query('SELECT `tb_jawaban`.*, `tb_user`.`nama_lengkap`
FROM `tb_jawaban`
JOIN `tb_user` ON `tb_user`.`id_user` = `tb_jawaban`.`id_user`
WHERE `id_tugas` = \'13\'', 0)
 2 SYSTEMPATH\Database\BaseConnection.php(692): CodeIgniter\Database\MySQLi\Connection->execute('SELECT `tb_jawaban`.*, `tb_user`.`nama_lengkap`
FROM `tb_jawaban`
JOIN `tb_user` ON `tb_user`.`id_user` = `tb_jawaban`.`id_user`
WHERE `id_tugas` = \'13\'')
 3 SYSTEMPATH\Database\BaseConnection.php(606): CodeIgniter\Database\BaseConnection->simpleQuery('SELECT `tb_jawaban`.*, `tb_user`.`nama_lengkap`
FROM `tb_jawaban`
JOIN `tb_user` ON `tb_user`.`id_user` = `tb_jawaban`.`id_user`
WHERE `id_tugas` = \'13\'')
 4 SYSTEMPATH\Database\BaseBuilder.php(1616): CodeIgniter\Database\BaseConnection->query('SELECT `tb_jawaban`.*, `tb_user`.`nama_lengkap`
FROM `tb_jawaban`
JOIN `tb_user` ON `tb_user`.`id_user` = `tb_jawaban`.`id_user`
WHERE `id_tugas` = :id_tugas:', [...], false)
 5 SYSTEMPATH\Model.php(241): CodeIgniter\Database\BaseBuilder->get()
 6 SYSTEMPATH\BaseModel.php(618): CodeIgniter\Model->doFindAll(0, 0)
 7 APPPATH\Controllers\admin\Tugasctrl.php(202): CodeIgniter\BaseModel->findAll()
 8 SYSTEMPATH\CodeIgniter.php(932): App\Controllers\admin\Tugasctrl->pengumpulan('13')
 9 SYSTEMPATH\CodeIgniter.php(497): CodeIgniter\CodeIgniter->runController(Object(App\Controllers\admin\Tugasctrl))
10 SYSTEMPATH\CodeIgniter.php(366): CodeIgniter\CodeIgniter->handleRequest(null, Object(Config\Cache), false)
11 FCPATH\index.php(67): CodeIgniter\CodeIgniter->run()
12 SYSTEMPATH\Commands\Server\rewrite.php(47): require_once('D:\\magang\\crm\\public\\index.php')
INFO - 2025-06-03 06:47:10 --> Session: Class initialized using 'CodeIgniter\Session\Handlers\FileHandler' driver.
CRITICAL - 2025-06-03 06:47:10 --> Undefined array key "updated_at"
in APPPATH\Views\admin\tugas\pengumpulan.php on line 32.
 1 APPPATH\Views\admin\tugas\pengumpulan.php(32): CodeIgniter\Debug\Exceptions->errorHandler(2, 'Undefined array key "updated_at"', 'D:\\magang\\crm\\app\\Views\\admin\\tugas\\pengumpulan.php', 32)
 2 SYSTEMPATH\View\View.php(224): include('D:\\magang\\crm\\app\\Views\\admin\\tugas\\pengumpulan.php')
 3 SYSTEMPATH\View\View.php(227): CodeIgniter\View\View->CodeIgniter\View\{closure}()
 4 SYSTEMPATH\Common.php(1180): CodeIgniter\View\View->render('admin/tugas/pengumpulan', [], true)
 5 APPPATH\Controllers\admin\Tugasctrl.php(204): view('admin/tugas/pengumpulan', [...])
 6 SYSTEMPATH\CodeIgniter.php(932): App\Controllers\admin\Tugasctrl->pengumpulan('13')
 7 SYSTEMPATH\CodeIgniter.php(497): CodeIgniter\CodeIgniter->runController(Object(App\Controllers\admin\Tugasctrl))
 8 SYSTEMPATH\CodeIgniter.php(366): CodeIgniter\CodeIgniter->handleRequest(null, Object(Config\Cache), false)
 9 FCPATH\index.php(67): CodeIgniter\CodeIgniter->run()
10 SYSTEMPATH\Commands\Server\rewrite.php(47): require_once('D:\\magang\\crm\\public\\index.php')
INFO - 2025-06-03 06:48:40 --> Session: Class initialized using 'CodeIgniter\Session\Handlers\FileHandler' driver.
CRITICAL - 2025-06-03 06:48:41 --> Undefined array key "id"
in APPPATH\Views\admin\tugas\pengumpulan.php on line 39.
 1 APPPATH\Views\admin\tugas\pengumpulan.php(39): CodeIgniter\Debug\Exceptions->errorHandler(2, 'Undefined array key "id"', 'D:\\magang\\crm\\app\\Views\\admin\\tugas\\pengumpulan.php', 39)
 2 SYSTEMPATH\View\View.php(224): include('D:\\magang\\crm\\app\\Views\\admin\\tugas\\pengumpulan.php')
 3 SYSTEMPATH\View\View.php(227): CodeIgniter\View\View->CodeIgniter\View\{closure}()
 4 SYSTEMPATH\Common.php(1180): CodeIgniter\View\View->render('admin/tugas/pengumpulan', [], true)
 5 APPPATH\Controllers\admin\Tugasctrl.php(204): view('admin/tugas/pengumpulan', [...])
 6 SYSTEMPATH\CodeIgniter.php(932): App\Controllers\admin\Tugasctrl->pengumpulan('13')
 7 SYSTEMPATH\CodeIgniter.php(497): CodeIgniter\CodeIgniter->runController(Object(App\Controllers\admin\Tugasctrl))
 8 SYSTEMPATH\CodeIgniter.php(366): CodeIgniter\CodeIgniter->handleRequest(null, Object(Config\Cache), false)
 9 FCPATH\index.php(67): CodeIgniter\CodeIgniter->run()
10 SYSTEMPATH\Commands\Server\rewrite.php(47): require_once('D:\\magang\\crm\\public\\index.php')
INFO - 2025-06-03 06:54:27 --> Session: Class initialized using 'CodeIgniter\Session\Handlers\FileHandler' driver.
INFO - 2025-06-03 06:54:30 --> Session: Class initialized using 'CodeIgniter\Session\Handlers\FileHandler' driver.
CRITICAL - 2025-06-03 06:54:30 --> Undefined array key "id"
in APPPATH\Views\admin\tugas\pengumpulan.php on line 39.
 1 APPPATH\Views\admin\tugas\pengumpulan.php(39): CodeIgniter\Debug\Exceptions->errorHandler(2, 'Undefined array key "id"', 'D:\\magang\\crm\\app\\Views\\admin\\tugas\\pengumpulan.php', 39)
 2 SYSTEMPATH\View\View.php(224): include('D:\\magang\\crm\\app\\Views\\admin\\tugas\\pengumpulan.php')
 3 SYSTEMPATH\View\View.php(227): CodeIgniter\View\View->CodeIgniter\View\{closure}()
 4 SYSTEMPATH\Common.php(1180): CodeIgniter\View\View->render('admin/tugas/pengumpulan', [], true)
 5 APPPATH\Controllers\admin\Tugasctrl.php(204): view('admin/tugas/pengumpulan', [...])
 6 SYSTEMPATH\CodeIgniter.php(932): App\Controllers\admin\Tugasctrl->pengumpulan('13')
 7 SYSTEMPATH\CodeIgniter.php(497): CodeIgniter\CodeIgniter->runController(Object(App\Controllers\admin\Tugasctrl))
 8 SYSTEMPATH\CodeIgniter.php(366): CodeIgniter\CodeIgniter->handleRequest(null, Object(Config\Cache), false)
 9 FCPATH\index.php(67): CodeIgniter\CodeIgniter->run()
10 SYSTEMPATH\Commands\Server\rewrite.php(47): require_once('D:\\magang\\crm\\public\\index.php')
INFO - 2025-06-03 07:01:51 --> Session: Class initialized using 'CodeIgniter\Session\Handlers\FileHandler' driver.
ERROR - 2025-06-03 07:01:51 --> mysqli_sql_exception: Unknown column 'tb_jawaban.id' in 'field list' in D:\magang\crm\system\Database\MySQLi\Connection.php:295
Stack trace:
#0 D:\magang\crm\system\Database\MySQLi\Connection.php(295): mysqli->query('SELECT `tb_jawa...', 0)
#1 D:\magang\crm\system\Database\BaseConnection.php(692): CodeIgniter\Database\MySQLi\Connection->execute('SELECT `tb_jawa...')
#2 D:\magang\crm\system\Database\BaseConnection.php(606): CodeIgniter\Database\BaseConnection->simpleQuery('SELECT `tb_jawa...')
#3 D:\magang\crm\system\Database\BaseBuilder.php(1616): CodeIgniter\Database\BaseConnection->query('SELECT `tb_jawa...', Array, false)
#4 D:\magang\crm\system\Model.php(241): CodeIgniter\Database\BaseBuilder->get()
#5 D:\magang\crm\system\BaseModel.php(618): CodeIgniter\Model->doFindAll(0, 0)
#6 D:\magang\crm\app\Controllers\admin\Tugasctrl.php(200): CodeIgniter\BaseModel->findAll()
#7 D:\magang\crm\system\CodeIgniter.php(932): App\Controllers\admin\Tugasctrl->pengumpulan('13')
#8 D:\magang\crm\system\CodeIgniter.php(497): CodeIgniter\CodeIgniter->runController(Object(App\Controllers\admin\Tugasctrl))
#9 D:\magang\crm\system\CodeIgniter.php(366): CodeIgniter\CodeIgniter->handleRequest(NULL, Object(Config\Cache), false)
#10 D:\magang\crm\public\index.php(67): CodeIgniter\CodeIgniter->run()
#11 D:\magang\crm\system\Commands\Server\rewrite.php(47): require_once('D:\\magang\\crm\\p...')
#12 {main}
CRITICAL - 2025-06-03 07:01:51 --> Unknown column 'tb_jawaban.id' in 'field list'
in SYSTEMPATH\Database\MySQLi\Connection.php on line 295.
 1 SYSTEMPATH\Database\MySQLi\Connection.php(295): mysqli->query('SELECT `tb_jawaban`.`id`, `tb_jawaban`.*, `tb_user`.`nama_user` as `nama_lengkap`, `tb_jawaban`.`waktu_pengumpulan` as `updated_at`
FROM `tb_jawaban`
JOIN `tb_user` ON `tb_user`.`id_user` = `tb_jawaban`.`id_user`
WHERE `id_tugas` = \'13\'', 0)
 2 SYSTEMPATH\Database\BaseConnection.php(692): CodeIgniter\Database\MySQLi\Connection->execute('SELECT `tb_jawaban`.`id`, `tb_jawaban`.*, `tb_user`.`nama_user` as `nama_lengkap`, `tb_jawaban`.`waktu_pengumpulan` as `updated_at`
FROM `tb_jawaban`
JOIN `tb_user` ON `tb_user`.`id_user` = `tb_jawaban`.`id_user`
WHERE `id_tugas` = \'13\'')
 3 SYSTEMPATH\Database\BaseConnection.php(606): CodeIgniter\Database\BaseConnection->simpleQuery('SELECT `tb_jawaban`.`id`, `tb_jawaban`.*, `tb_user`.`nama_user` as `nama_lengkap`, `tb_jawaban`.`waktu_pengumpulan` as `updated_at`
FROM `tb_jawaban`
JOIN `tb_user` ON `tb_user`.`id_user` = `tb_jawaban`.`id_user`
WHERE `id_tugas` = \'13\'')
 4 SYSTEMPATH\Database\BaseBuilder.php(1616): CodeIgniter\Database\BaseConnection->query('SELECT `tb_jawaban`.`id`, `tb_jawaban`.*, `tb_user`.`nama_user` as `nama_lengkap`, `tb_jawaban`.`waktu_pengumpulan` as `updated_at`
FROM `tb_jawaban`
JOIN `tb_user` ON `tb_user`.`id_user` = `tb_jawaban`.`id_user`
WHERE `id_tugas` = :id_tugas:', [...], false)
 5 SYSTEMPATH\Model.php(241): CodeIgniter\Database\BaseBuilder->get()
 6 SYSTEMPATH\BaseModel.php(618): CodeIgniter\Model->doFindAll(0, 0)
 7 APPPATH\Controllers\admin\Tugasctrl.php(200): CodeIgniter\BaseModel->findAll()
 8 SYSTEMPATH\CodeIgniter.php(932): App\Controllers\admin\Tugasctrl->pengumpulan('13')
 9 SYSTEMPATH\CodeIgniter.php(497): CodeIgniter\CodeIgniter->runController(Object(App\Controllers\admin\Tugasctrl))
10 SYSTEMPATH\CodeIgniter.php(366): CodeIgniter\CodeIgniter->handleRequest(null, Object(Config\Cache), false)
11 FCPATH\index.php(67): CodeIgniter\CodeIgniter->run()
12 SYSTEMPATH\Commands\Server\rewrite.php(47): require_once('D:\\magang\\crm\\public\\index.php')
INFO - 2025-06-03 07:02:08 --> Session: Class initialized using 'CodeIgniter\Session\Handlers\FileHandler' driver.
CRITICAL - 2025-06-03 07:02:08 --> Undefined array key "id"
in APPPATH\Views\admin\tugas\pengumpulan.php on line 39.
 1 APPPATH\Views\admin\tugas\pengumpulan.php(39): CodeIgniter\Debug\Exceptions->errorHandler(2, 'Undefined array key "id"', 'D:\\magang\\crm\\app\\Views\\admin\\tugas\\pengumpulan.php', 39)
 2 SYSTEMPATH\View\View.php(224): include('D:\\magang\\crm\\app\\Views\\admin\\tugas\\pengumpulan.php')
 3 SYSTEMPATH\View\View.php(227): CodeIgniter\View\View->CodeIgniter\View\{closure}()
 4 SYSTEMPATH\Common.php(1180): CodeIgniter\View\View->render('admin/tugas/pengumpulan', [], true)
 5 APPPATH\Controllers\admin\Tugasctrl.php(204): view('admin/tugas/pengumpulan', [...])
 6 SYSTEMPATH\CodeIgniter.php(932): App\Controllers\admin\Tugasctrl->pengumpulan('13')
 7 SYSTEMPATH\CodeIgniter.php(497): CodeIgniter\CodeIgniter->runController(Object(App\Controllers\admin\Tugasctrl))
 8 SYSTEMPATH\CodeIgniter.php(366): CodeIgniter\CodeIgniter->handleRequest(null, Object(Config\Cache), false)
 9 FCPATH\index.php(67): CodeIgniter\CodeIgniter->run()
10 SYSTEMPATH\Commands\Server\rewrite.php(47): require_once('D:\\magang\\crm\\public\\index.php')
